-------------------------------------------------------------------------------
Test set: com.busmanagement.BusManagementProjectApplicationTests
-------------------------------------------------------------------------------
Tests run: 1, Failures: 0, Errors: 1, Skipped: 0, Time elapsed: 0.377 s <<< FAILURE! - in com.busmanagement.BusManagementProjectApplicationTests
com.busmanagement.BusManagementProjectApplicationTests  Time elapsed: 0.376 s  <<< ERROR!
java.lang.IllegalStateException: Unable to find a @SpringBootConfiguration, you need to use @ContextConfiguration or @SpringBootTest(classes=...) with your test

